\BOOKMARK [1][-]{section.1}{Quantum Computation Basics}{}% 1
\BOOKMARK [2][-]{subsection.1.1}{State Encoding Schemes}{section.1}% 2
\BOOKMARK [2][-]{subsection.1.2}{Controlled Single Qubit Gates}{section.1}% 3
\BOOKMARK [2][-]{subsection.1.3}{Measurement and Phases}{section.1}% 4
\BOOKMARK [2][-]{subsection.1.4}{Graph-Controlled circuits}{section.1}% 5
\BOOKMARK [1][-]{section.2}{Circuit Encoding Schemes}{}% 6
\BOOKMARK [2][-]{subsection.2.1}{Activation circuit}{section.2}% 7
\BOOKMARK [3][-]{subsubsection.2.1.1}{Encoding of directed tensors}{subsection.2.1}% 8
\BOOKMARK [2][-]{subsection.2.2}{Computation circuits}{section.2}% 9
\BOOKMARK [3][-]{subsubsection.2.2.1}{Composition by Contraction - Exploiting Decomposition sparsity}{subsection.2.2}% 10
\BOOKMARK [3][-]{subsubsection.2.2.2}{Construction for mod2-basis+ CP decompositions - Exploiting Polynomial sparsity}{subsection.2.2}% 11
\BOOKMARK [3][-]{subsubsection.2.2.3}{Preparation by fine and coarse structure}{subsection.2.2}% 12
\BOOKMARK [1][-]{section.3}{Preparation of Distributions}{}% 13
\BOOKMARK [2][-]{subsection.3.1}{Generic Q-samples}{section.3}% 14
\BOOKMARK [2][-]{subsection.3.2}{Ancilla Augmentation}{section.3}% 15
\BOOKMARK [2][-]{subsection.3.3}{Amplitude Amplification}{section.3}% 16
\BOOKMARK [2][-]{subsection.3.4}{Sampling from Computation-Activation Networks as Quantum Circuits}{section.3}% 17
\BOOKMARK [1][-]{section.4}{Implementation}{}% 18
\BOOKMARK [1][-]{appendix.A}{Extension: Sampling from proposal distributions}{}% 19
\BOOKMARK [1][-]{appendix.B}{Comparing tensor networks and quantum circuits}{}% 20
\BOOKMARK [1][-]{appendix.C}{POVM measurements as contractions}{}% 21
